2018-11-24 15:11:44.168 [main] INFO  c.v.f.context.VsoftFrameworkContextApplication - Starting VsoftFrameworkContextApplication on QT3KMGZA8DVGKWA with PID 15376 (D:\workspace_springboot\gsoft\vsoft-framework\vsoft-framework-context\target\classes started by Administrator in D:\workspace_springboot\gsoft\vsoft-framework)
2018-11-24 15:11:44.179 [main] INFO  c.v.f.context.VsoftFrameworkContextApplication - No active profile set, falling back to default profiles: default
2018-11-24 15:11:46.954 [main] INFO  org.apache.coyote.http11.Http11NioProtocol - Initializing ProtocolHandler ["http-nio-8081"]
2018-11-24 15:11:46.965 [main] INFO  org.apache.catalina.core.StandardService - Starting service [Tomcat]
2018-11-24 15:11:46.966 [main] INFO  org.apache.catalina.core.StandardEngine - Starting Servlet Engine: Apache Tomcat/9.0.12
2018-11-24 15:11:46.979 [main] INFO  org.apache.catalina.core.AprLifecycleListener - The APR based Apache Tomcat Native library which allows optimal performance in production environments was not found on the java.library.path: [E:\java\jdk8\bin;C:\Windows\Sun\Java\bin;C:\Windows\system32;C:\Windows;C:\Program Files (x86)\Common Files\Oracle\Java\javapath;E:\app\Administrator\product\11.2.0\dbhome_1\bin;E:\app\root\product\12.2.0\dbhome_2\bin;C:\Program Files (x86)\MySQL\MySQL Server 5.5\bin;E:\java\jdk8\bin;C:\Windows\system32;C:\Windows;C:\Windows\System32\Wbem;C:\Windows\System32\WindowsPowerShell\v1.0\;C:\Program Files (x86)\Subversion\bin;%CXF;%ORCALE_HOME%\BIN;C:\Program Files\MySQL\MySQL Server 8.0\bin;E:\greensoft\git\Git\cmd;D:\IDEA\ideaSoft\apache-maven-3.5.4\bin;C:\Program Files\TortoiseSVN\bin;E:\java\secureCRT\;.]
2018-11-24 15:11:47.206 [main] INFO  o.a.c.core.ContainerBase.[Tomcat].[localhost].[/] - Initializing Spring embedded WebApplicationContext
2018-11-24 15:11:48.157 [main] INFO  org.apache.coyote.http11.Http11NioProtocol - Starting ProtocolHandler ["http-nio-8081"]
2018-11-24 15:11:48.185 [main] INFO  org.apache.tomcat.util.net.NioSelectorPool - Using a shared selector for servlet write/read
2018-11-24 15:11:48.232 [main] INFO  c.v.f.context.VsoftFrameworkContextApplication - Started VsoftFrameworkContextApplication in 5.871 seconds (JVM running for 8.285)
2018-11-24 15:58:05.200 [main] INFO  c.v.f.context.VsoftFrameworkContextApplication - Starting VsoftFrameworkContextApplication on QT3KMGZA8DVGKWA with PID 18328 (D:\workspace_springboot\gsoft\vsoft-framework\vsoft-framework-context\target\classes started by Administrator in D:\workspace_springboot\gsoft\vsoft-framework)
2018-11-24 15:58:05.213 [main] INFO  c.v.f.context.VsoftFrameworkContextApplication - No active profile set, falling back to default profiles: default
2018-11-24 15:58:08.173 [main] INFO  org.apache.coyote.http11.Http11NioProtocol - Initializing ProtocolHandler ["http-nio-8081"]
2018-11-24 15:58:08.183 [main] INFO  org.apache.catalina.core.StandardService - Starting service [Tomcat]
2018-11-24 15:58:08.184 [main] INFO  org.apache.catalina.core.StandardEngine - Starting Servlet Engine: Apache Tomcat/9.0.12
2018-11-24 15:58:08.198 [main] INFO  org.apache.catalina.core.AprLifecycleListener - The APR based Apache Tomcat Native library which allows optimal performance in production environments was not found on the java.library.path: [E:\java\jdk8\bin;C:\Windows\Sun\Java\bin;C:\Windows\system32;C:\Windows;C:\Program Files (x86)\Common Files\Oracle\Java\javapath;E:\app\Administrator\product\11.2.0\dbhome_1\bin;E:\app\root\product\12.2.0\dbhome_2\bin;C:\Program Files (x86)\MySQL\MySQL Server 5.5\bin;E:\java\jdk8\bin;C:\Windows\system32;C:\Windows;C:\Windows\System32\Wbem;C:\Windows\System32\WindowsPowerShell\v1.0\;C:\Program Files (x86)\Subversion\bin;%CXF;%ORCALE_HOME%\BIN;C:\Program Files\MySQL\MySQL Server 8.0\bin;E:\greensoft\git\Git\cmd;D:\IDEA\ideaSoft\apache-maven-3.5.4\bin;C:\Program Files\TortoiseSVN\bin;E:\java\secureCRT\;.]
2018-11-24 15:58:08.422 [main] INFO  o.a.c.core.ContainerBase.[Tomcat].[localhost].[/] - Initializing Spring embedded WebApplicationContext
2018-11-24 15:58:09.340 [main] INFO  org.apache.coyote.http11.Http11NioProtocol - Starting ProtocolHandler ["http-nio-8081"]
2018-11-24 15:58:09.362 [main] INFO  org.apache.tomcat.util.net.NioSelectorPool - Using a shared selector for servlet write/read
2018-11-24 15:58:09.402 [main] INFO  c.v.f.context.VsoftFrameworkContextApplication - Started VsoftFrameworkContextApplication in 6.015 seconds (JVM running for 8.642)
2018-11-24 15:59:23.068 [main] INFO  c.v.f.context.VsoftFrameworkContextApplication - Starting VsoftFrameworkContextApplication on QT3KMGZA8DVGKWA with PID 4140 (D:\workspace_springboot\gsoft\vsoft-framework\vsoft-framework-context\target\classes started by Administrator in D:\workspace_springboot\gsoft\vsoft-framework)
2018-11-24 15:59:23.084 [main] INFO  c.v.f.context.VsoftFrameworkContextApplication - No active profile set, falling back to default profiles: default
2018-11-24 15:59:26.139 [main] INFO  org.apache.coyote.http11.Http11NioProtocol - Initializing ProtocolHandler ["http-nio-8081"]
2018-11-24 15:59:26.156 [main] INFO  org.apache.catalina.core.StandardService - Starting service [Tomcat]
2018-11-24 15:59:26.157 [main] INFO  org.apache.catalina.core.StandardEngine - Starting Servlet Engine: Apache Tomcat/9.0.12
2018-11-24 15:59:26.174 [main] INFO  org.apache.catalina.core.AprLifecycleListener - The APR based Apache Tomcat Native library which allows optimal performance in production environments was not found on the java.library.path: [E:\java\jdk8\bin;C:\Windows\Sun\Java\bin;C:\Windows\system32;C:\Windows;C:\Program Files (x86)\Common Files\Oracle\Java\javapath;E:\app\Administrator\product\11.2.0\dbhome_1\bin;E:\app\root\product\12.2.0\dbhome_2\bin;C:\Program Files (x86)\MySQL\MySQL Server 5.5\bin;E:\java\jdk8\bin;C:\Windows\system32;C:\Windows;C:\Windows\System32\Wbem;C:\Windows\System32\WindowsPowerShell\v1.0\;C:\Program Files (x86)\Subversion\bin;%CXF;%ORCALE_HOME%\BIN;C:\Program Files\MySQL\MySQL Server 8.0\bin;E:\greensoft\git\Git\cmd;D:\IDEA\ideaSoft\apache-maven-3.5.4\bin;C:\Program Files\TortoiseSVN\bin;E:\java\secureCRT\;.]
2018-11-24 15:59:26.403 [main] INFO  o.a.c.core.ContainerBase.[Tomcat].[localhost].[/] - Initializing Spring embedded WebApplicationContext
2018-11-24 15:59:27.231 [main] INFO  org.apache.coyote.http11.Http11NioProtocol - Starting ProtocolHandler ["http-nio-8081"]
2018-11-24 15:59:27.253 [main] INFO  org.apache.tomcat.util.net.NioSelectorPool - Using a shared selector for servlet write/read
2018-11-24 15:59:27.292 [main] INFO  c.v.f.context.VsoftFrameworkContextApplication - Started VsoftFrameworkContextApplication in 5.788 seconds (JVM running for 8.5)
2018-11-24 16:00:10.446 [main] INFO  c.v.f.context.VsoftFrameworkContextApplication - Starting VsoftFrameworkContextApplication on QT3KMGZA8DVGKWA with PID 18396 (D:\workspace_springboot\gsoft\vsoft-framework\vsoft-framework-context\target\classes started by Administrator in D:\workspace_springboot\gsoft\vsoft-framework)
2018-11-24 16:00:10.459 [main] INFO  c.v.f.context.VsoftFrameworkContextApplication - No active profile set, falling back to default profiles: default
2018-11-24 16:00:13.682 [main] INFO  org.apache.coyote.http11.Http11NioProtocol - Initializing ProtocolHandler ["http-nio-8081"]
2018-11-24 16:00:13.700 [main] INFO  org.apache.catalina.core.StandardService - Starting service [Tomcat]
2018-11-24 16:00:13.701 [main] INFO  org.apache.catalina.core.StandardEngine - Starting Servlet Engine: Apache Tomcat/9.0.12
2018-11-24 16:00:13.727 [main] INFO  org.apache.catalina.core.AprLifecycleListener - The APR based Apache Tomcat Native library which allows optimal performance in production environments was not found on the java.library.path: [E:\java\jdk8\bin;C:\Windows\Sun\Java\bin;C:\Windows\system32;C:\Windows;C:\Program Files (x86)\Common Files\Oracle\Java\javapath;E:\app\Administrator\product\11.2.0\dbhome_1\bin;E:\app\root\product\12.2.0\dbhome_2\bin;C:\Program Files (x86)\MySQL\MySQL Server 5.5\bin;E:\java\jdk8\bin;C:\Windows\system32;C:\Windows;C:\Windows\System32\Wbem;C:\Windows\System32\WindowsPowerShell\v1.0\;C:\Program Files (x86)\Subversion\bin;%CXF;%ORCALE_HOME%\BIN;C:\Program Files\MySQL\MySQL Server 8.0\bin;E:\greensoft\git\Git\cmd;D:\IDEA\ideaSoft\apache-maven-3.5.4\bin;C:\Program Files\TortoiseSVN\bin;E:\java\secureCRT\;.]
2018-11-24 16:00:14.041 [main] INFO  o.a.c.core.ContainerBase.[Tomcat].[localhost].[/] - Initializing Spring embedded WebApplicationContext
2018-11-24 16:00:15.116 [main] INFO  org.apache.coyote.http11.Http11NioProtocol - Starting ProtocolHandler ["http-nio-8081"]
2018-11-24 16:00:15.145 [main] INFO  org.apache.tomcat.util.net.NioSelectorPool - Using a shared selector for servlet write/read
2018-11-24 16:00:15.212 [main] INFO  c.v.f.context.VsoftFrameworkContextApplication - Started VsoftFrameworkContextApplication in 6.162 seconds (JVM running for 12.302)
2018-11-24 16:02:44.175 [main] INFO  c.v.f.context.VsoftFrameworkContextApplication - Starting VsoftFrameworkContextApplication on QT3KMGZA8DVGKWA with PID 12368 (D:\workspace_springboot\gsoft\vsoft-framework\vsoft-framework-context\target\classes started by Administrator in D:\workspace_springboot\gsoft\vsoft-framework)
2018-11-24 16:02:44.187 [main] INFO  c.v.f.context.VsoftFrameworkContextApplication - No active profile set, falling back to default profiles: default
2018-11-24 16:03:00.415 [main] INFO  org.apache.coyote.http11.Http11NioProtocol - Initializing ProtocolHandler ["http-nio-8081"]
2018-11-24 16:03:00.428 [main] INFO  org.apache.catalina.core.StandardService - Starting service [Tomcat]
2018-11-24 16:03:00.430 [main] INFO  org.apache.catalina.core.StandardEngine - Starting Servlet Engine: Apache Tomcat/9.0.12
2018-11-24 16:03:00.447 [main] INFO  org.apache.catalina.core.AprLifecycleListener - The APR based Apache Tomcat Native library which allows optimal performance in production environments was not found on the java.library.path: [E:\java\jdk8\bin;C:\Windows\Sun\Java\bin;C:\Windows\system32;C:\Windows;C:\Program Files (x86)\Common Files\Oracle\Java\javapath;E:\app\Administrator\product\11.2.0\dbhome_1\bin;E:\app\root\product\12.2.0\dbhome_2\bin;C:\Program Files (x86)\MySQL\MySQL Server 5.5\bin;E:\java\jdk8\bin;C:\Windows\system32;C:\Windows;C:\Windows\System32\Wbem;C:\Windows\System32\WindowsPowerShell\v1.0\;C:\Program Files (x86)\Subversion\bin;%CXF;%ORCALE_HOME%\BIN;C:\Program Files\MySQL\MySQL Server 8.0\bin;E:\greensoft\git\Git\cmd;D:\IDEA\ideaSoft\apache-maven-3.5.4\bin;C:\Program Files\TortoiseSVN\bin;E:\java\secureCRT\;.]
2018-11-24 16:03:00.702 [main] INFO  o.a.c.core.ContainerBase.[Tomcat].[localhost].[/] - Initializing Spring embedded WebApplicationContext
2018-11-24 16:03:01.731 [main] INFO  org.apache.coyote.http11.Http11NioProtocol - Starting ProtocolHandler ["http-nio-8081"]
2018-11-24 16:03:01.775 [main] INFO  org.apache.tomcat.util.net.NioSelectorPool - Using a shared selector for servlet write/read
2018-11-24 16:03:01.867 [main] INFO  c.v.f.context.VsoftFrameworkContextApplication - Started VsoftFrameworkContextApplication in 19.368 seconds (JVM running for 22.534)
2018-11-24 16:05:17.009 [main] INFO  c.v.f.context.VsoftFrameworkContextApplication - Starting VsoftFrameworkContextApplication on QT3KMGZA8DVGKWA with PID 10596 (D:\workspace_springboot\gsoft\vsoft-framework\vsoft-framework-context\target\classes started by Administrator in D:\workspace_springboot\gsoft\vsoft-framework)
2018-11-24 16:05:17.033 [main] INFO  c.v.f.context.VsoftFrameworkContextApplication - No active profile set, falling back to default profiles: default
2018-11-24 16:09:55.508 [main] INFO  org.apache.coyote.http11.Http11NioProtocol - Initializing ProtocolHandler ["http-nio-8081"]
2018-11-24 16:09:55.523 [main] INFO  org.apache.catalina.core.StandardService - Starting service [Tomcat]
2018-11-24 16:09:55.524 [main] INFO  org.apache.catalina.core.StandardEngine - Starting Servlet Engine: Apache Tomcat/9.0.12
2018-11-24 16:09:55.543 [main] INFO  org.apache.catalina.core.AprLifecycleListener - The APR based Apache Tomcat Native library which allows optimal performance in production environments was not found on the java.library.path: [E:\java\jdk8\bin;C:\Windows\Sun\Java\bin;C:\Windows\system32;C:\Windows;C:\Program Files (x86)\Common Files\Oracle\Java\javapath;E:\app\Administrator\product\11.2.0\dbhome_1\bin;E:\app\root\product\12.2.0\dbhome_2\bin;C:\Program Files (x86)\MySQL\MySQL Server 5.5\bin;E:\java\jdk8\bin;C:\Windows\system32;C:\Windows;C:\Windows\System32\Wbem;C:\Windows\System32\WindowsPowerShell\v1.0\;C:\Program Files (x86)\Subversion\bin;%CXF;%ORCALE_HOME%\BIN;C:\Program Files\MySQL\MySQL Server 8.0\bin;E:\greensoft\git\Git\cmd;D:\IDEA\ideaSoft\apache-maven-3.5.4\bin;C:\Program Files\TortoiseSVN\bin;E:\java\secureCRT\;.]
2018-11-24 16:09:55.796 [main] INFO  o.a.c.core.ContainerBase.[Tomcat].[localhost].[/] - Initializing Spring embedded WebApplicationContext
2018-11-24 16:09:56.914 [main] INFO  org.apache.coyote.http11.Http11NioProtocol - Starting ProtocolHandler ["http-nio-8081"]
2018-11-24 16:09:56.941 [main] INFO  org.apache.tomcat.util.net.NioSelectorPool - Using a shared selector for servlet write/read
2018-11-24 16:09:57.048 [main] INFO  c.v.f.context.VsoftFrameworkContextApplication - Started VsoftFrameworkContextApplication in 282.209 seconds (JVM running for 285.408)
